<?xml version="1.0" encoding="UTF-8"?>
<!-- Generated by org.testng.reporters.JUnitReportReporter -->
<testsuite hostname="SVUS0002" name="myPackage.LoginTest" tests="1" failures="0" timestamp="3 Aug 2016 21:53:51 GMT" time="22.070" errors="0">
  <testcase name="loginTest" time="22.070" classname="myPackage.LoginTest"/>
</testsuite> <!-- myPackage.LoginTest -->
